Using pre-set license
Built from '2021.3/staging' branch; Version is '2021.3.18f1 (3129e69bc0c7) revision 3221990'; Using compiler version '192829333'; Build Type 'Release'
OS: 'Windows 10  (10.0.19045) 64bit Core' Language: 'ko' Physical Memory: 16297 MB
BatchMode: 1, IsHumanControllingUs: 0, StartBugReporterOnCrash: 0, Is64bit: 1, IsPro: 1

COMMAND LINE ARGUMENTS:
D:\Unity\2021.3.18f1\Editor\Unity.exe
-adb2
-batchMode
-noUpm
-name
AssetImportWorker0
-projectPath
C:/Users/munj5/OneDrive/바탕 화면/3D_Run
-logFile
Logs/AssetImportWorker0.log
-srvPort
59368
Successfully changed project path to: C:/Users/munj5/OneDrive/바탕 화면/3D_Run
C:/Users/munj5/OneDrive/바탕 화면/3D_Run
[UnityMemory] Configuration Parameters - Can be set up in boot.config
    "memorysetup-bucket-allocator-granularity=16"
    "memorysetup-bucket-allocator-bucket-count=8"
    "memorysetup-bucket-allocator-block-size=33554432"
    "memorysetup-bucket-allocator-block-count=8"
    "memorysetup-main-allocator-block-size=16777216"
    "memorysetup-thread-allocator-block-size=16777216"
    "memorysetup-gfx-main-allocator-block-size=16777216"
    "memorysetup-gfx-thread-allocator-block-size=16777216"
    "memorysetup-cache-allocator-block-size=4194304"
    "memorysetup-typetree-allocator-block-size=2097152"
    "memorysetup-profiler-bucket-allocator-granularity=16"
    "memorysetup-profiler-bucket-allocator-bucket-count=8"
    "memorysetup-profiler-bucket-allocator-block-size=33554432"
    "memorysetup-profiler-bucket-allocator-block-count=8"
    "memorysetup-profiler-allocator-block-size=16777216"
    "memorysetup-profiler-editor-allocator-block-size=1048576"
    "memorysetup-temp-allocator-size-main=16777216"
    "memorysetup-job-temp-allocator-block-size=2097152"
    "memorysetup-job-temp-allocator-block-size-background=1048576"
    "memorysetup-job-temp-allocator-reduction-small-platforms=262144"
    "memorysetup-temp-allocator-size-background-worker=32768"
    "memorysetup-temp-allocator-size-job-worker=262144"
    "memorysetup-temp-allocator-size-preload-manager=33554432"
    "memorysetup-temp-allocator-size-nav-mesh-worker=65536"
    "memorysetup-temp-allocator-size-audio-worker=65536"
    "memorysetup-temp-allocator-size-cloud-worker=32768"
    "memorysetup-temp-allocator-size-gi-baking-worker=262144"
    "memorysetup-temp-allocator-size-gfx=262144"
Player connection [24448] Host "[IP] 192.168.219.130 [Port] 0 [Flags] 2 [Guid] 3717519757 [EditorId] 3717519757 [Version] 1048832 [Id] WindowsEditor(7,DESKTOP-BCRNDE9) [Debug] 1 [PackageName] WindowsEditor [ProjectName] Editor" joined multi-casting on [225.0.0.222:54997]...

Player connection [24448] Host "[IP] 192.168.219.130 [Port] 0 [Flags] 2 [Guid] 3717519757 [EditorId] 3717519757 [Version] 1048832 [Id] WindowsEditor(7,DESKTOP-BCRNDE9) [Debug] 1 [PackageName] WindowsEditor [ProjectName] Editor" joined alternative multi-casting on [225.0.0.222:34997]...

Refreshing native plugins compatible for Editor in 68.37 ms, found 3 plugins.
Preloading 0 native plugins for Editor in 0.00 ms.
Initialize engine version: 2021.3.18f1 (3129e69bc0c7)
[Subsystems] Discovering subsystems at path D:/Unity/2021.3.18f1/Editor/Data/Resources/UnitySubsystems
[Subsystems] Discovering subsystems at path C:/Users/munj5/OneDrive/바탕 화면/3D_Run/Assets
GfxDevice: creating device client; threaded=0; jobified=0
Direct3D:
    Version:  Direct3D 11.0 [level 11.1]
    Renderer: NVIDIA GeForce RTX 3070 (ID=0x2484)
    Vendor:   NVIDIA
    VRAM:     8031 MB
    Driver:   31.0.15.3699
Initialize mono
Mono path[0] = 'D:/Unity/2021.3.18f1/Editor/Data/Managed'
Mono path[1] = 'D:/Unity/2021.3.18f1/Editor/Data/MonoBleedingEdge/lib/mono/unityjit-win32'
Mono config path = 'D:/Unity/2021.3.18f1/Editor/Data/MonoBleedingEdge/etc'
Using monoOptions --debugger-agent=transport=dt_socket,embedding=1,server=y,suspend=n,address=127.0.0.1:56928
Begin MonoManager ReloadAssembly
Registering precompiled unity dll's ...
Register platform support module: D:/Unity/2021.3.18f1/Editor/Data/PlaybackEngines/AndroidPlayer/UnityEditor.Android.Extensions.dll
Register platform support module: D:/Unity/2021.3.18f1/Editor/Data/PlaybackEngines/iOSSupport/UnityEditor.iOS.Extensions.dll
Register platform support module: D:/Unity/2021.3.18f1/Editor/Data/PlaybackEngines/WindowsStandaloneSupport/UnityEditor.WindowsStandalone.Extensions.dll
Registered in 0.016178 seconds.
Native extension for WindowsStandalone target not found
[usbmuxd] Start listen thread
[usbmuxd] Listen thread started
Native extension for iOS target not found
Native extension for Android target not found
Android Extension - Scanning For ADB Devices 316 ms
Refreshing native plugins compatible for Editor in 66.94 ms, found 3 plugins.
Preloading 0 native plugins for Editor in 0.00 ms.
Mono: successfully reloaded assembly
- Completed reload, in  1.013 seconds
Domain Reload Profiling:
	ReloadAssembly (1013ms)
		BeginReloadAssembly (111ms)
			ExecutionOrderSort (0ms)
			DisableScriptedObjects (0ms)
			BackupInstance (0ms)
			ReleaseScriptingObjects (0ms)
			CreateAndSetChildDomain (1ms)
		EndReloadAssembly (776ms)
			LoadAssemblies (107ms)
			RebuildTransferFunctionScriptingTraits (0ms)
			SetupTypeCache (110ms)
			ReleaseScriptCaches (0ms)
			RebuildScriptCaches (25ms)
			SetupLoadedEditorAssemblies (583ms)
				LogAssemblyErrors (0ms)
				InitializePlatformSupportModulesInManaged (388ms)
				SetLoadedEditorAssemblies (0ms)
				RefreshPlugins (67ms)
				BeforeProcessingInitializeOnLoad (1ms)
				ProcessInitializeOnLoadAttributes (82ms)
				ProcessInitializeOnLoadMethodAttributes (44ms)
				AfterProcessingInitializeOnLoad (0ms)
				EditorAssembliesLoaded (0ms)
			ExecutionOrderSort2 (0ms)
			AwakeInstancesAfterBackupRestoration (0ms)
Platform modules already initialized, skipping
Registering precompiled user dll's ...
Registered in 0.008776 seconds.
Begin MonoManager ReloadAssembly
Symbol file LoadedFromMemory doesn't match image C:\Users\munj5\OneDrive\바탕 화면\3D_Run\Library\PackageCache\com.unity.visualscripting@1.8.0\Editor\VisualScripting.Core\Dependencies\YamlDotNet\Unity.VisualScripting.YamlDotNet.dll
Symbol file LoadedFromMemory doesn't match image C:\Users\munj5\OneDrive\바탕 화면\3D_Run\Library\PackageCache\com.unity.visualscripting@1.8.0\Editor\VisualScripting.Core\Dependencies\DotNetZip\Unity.VisualScripting.IonicZip.dll
Native extension for WindowsStandalone target not found
Native extension for iOS target not found
Native extension for Android target not found
Refreshing native plugins compatible for Editor in 0.46 ms, found 3 plugins.
Preloading 0 native plugins for Editor in 0.00 ms.
Mono: successfully reloaded assembly
- Completed reload, in  1.044 seconds
Domain Reload Profiling:
	ReloadAssembly (1045ms)
		BeginReloadAssembly (148ms)
			ExecutionOrderSort (0ms)
			DisableScriptedObjects (5ms)
			BackupInstance (0ms)
			ReleaseScriptingObjects (0ms)
			CreateAndSetChildDomain (17ms)
		EndReloadAssembly (774ms)
			LoadAssemblies (134ms)
			RebuildTransferFunctionScriptingTraits (0ms)
			SetupTypeCache (243ms)
			ReleaseScriptCaches (1ms)
			RebuildScriptCaches (44ms)
			SetupLoadedEditorAssemblies (344ms)
				LogAssemblyErrors (0ms)
				InitializePlatformSupportModulesInManaged (30ms)
				SetLoadedEditorAssemblies (0ms)
				RefreshPlugins (1ms)
				BeforeProcessingInitializeOnLoad (86ms)
				ProcessInitializeOnLoadAttributes (191ms)
				ProcessInitializeOnLoadMethodAttributes (16ms)
				AfterProcessingInitializeOnLoad (19ms)
				EditorAssembliesLoaded (0ms)
			ExecutionOrderSort2 (0ms)
			AwakeInstancesAfterBackupRestoration (12ms)
Platform modules already initialized, skipping
========================================================================
Worker process is ready to serve import requests
Launched and connected shader compiler UnityShaderCompiler.exe after 0.04 seconds
Refreshing native plugins compatible for Editor in 0.51 ms, found 3 plugins.
Preloading 0 native plugins for Editor in 0.00 ms.
Unloading 3048 Unused Serialized files (Serialized files now loaded: 0)
Unloading 24 unused Assets / (113.4 KB). Loaded Objects now: 3510.
Memory consumption went from 111.9 MB to 111.8 MB.
Total: 2.416900 ms (FindLiveObjects: 0.251700 ms CreateObjectMapping: 0.186000 ms MarkObjects: 1.903100 ms  DeleteObjects: 0.075500 ms)

AssetImportParameters requested are different than current active one (requested -> active):
  custom:video-decoder-ogg-theora: a1e56fd34408186e4bbccfd4996cb3dc -> 
  custom:container-muxer-webm: aa71ff27fc2769a1b78a27578f13a17b -> 
  custom:container-demuxer-webm: 4f35f7cbe854078d1ac9338744f61a02 -> 
  custom:video-encoder-webm-vp8: eb34c28f22e8b96e1ab97ce403110664 -> 
  custom:audio-encoder-webm-vorbis: bf7c407c2cedff20999df2af8eb42d56 -> 
  custom:framework-win-MediaFoundation: 216162199b28c13a410421893ffa2e32 -> 
  custom:container-demuxer-ogg: 62fdf1f143b41e24485cea50d1cbac27 -> 
  custom:video-decoder-webm-vp8: 9c59270c3fd7afecdb556c50c9e8de78 -> 
  custom:audio-decoder-ogg-vorbis: bf7c407c2cedff20999df2af8eb42d56 -> 
========================================================================
Received Import Request.
  Time since last request: 17294.241742 seconds.
  path: Assets/Scenes/SampleScene.unity
  artifactKey: Guid(9fc0d4010bbf28b4594072e72b8655ab) Importer(815301076,1909f56bfc062723c751e8b465ee728b)
Start importing Assets/Scenes/SampleScene.unity using Guid(9fc0d4010bbf28b4594072e72b8655ab) Importer(815301076,1909f56bfc062723c751e8b465ee728b)  -> (artifact id: 'e55ccaa32d8e5c1de03c07a5412c8c3c') in 0.011847 seconds 
========================================================================
Received Import Request.
  Time since last request: 5.455951 seconds.
  path: Assets/Scenes/GameScene.unity
  artifactKey: Guid(9fc0d4010bbf28b4594072e72b8655ab) Importer(815301076,1909f56bfc062723c751e8b465ee728b)
Start importing Assets/Scenes/GameScene.unity using Guid(9fc0d4010bbf28b4594072e72b8655ab) Importer(815301076,1909f56bfc062723c751e8b465ee728b)  -> (artifact id: '5e45ca21a33c87628472138b8026b5c0') in 0.006713 seconds 
========================================================================
Received Import Request.
  Time since last request: 5.391329 seconds.
  path: Assets/Scenes/Game Scene.unity
  artifactKey: Guid(9fc0d4010bbf28b4594072e72b8655ab) Importer(815301076,1909f56bfc062723c751e8b465ee728b)
Start importing Assets/Scenes/Game Scene.unity using Guid(9fc0d4010bbf28b4594072e72b8655ab) Importer(815301076,1909f56bfc062723c751e8b465ee728b)  -> (artifact id: 'b62ef61d6cff90ca01740aeea992301e') in 0.007039 seconds 
========================================================================
Received Import Request.
  Time since last request: 288.000973 seconds.
  path: Assets/SimplePoly City - Low Poly Assets/Models/Building Sky_big_color01.fbx
  artifactKey: Guid(152095147e5492c41a9718b9b09863a4) Importer(815301076,1909f56bfc062723c751e8b465ee728b)
Start importing Assets/SimplePoly City - Low Poly Assets/Models/Building Sky_big_color01.fbx using Guid(152095147e5492c41a9718b9b09863a4) Importer(815301076,1909f56bfc062723c751e8b465ee728b)  -> (artifact id: '8fb93aa35dae05bfe10bdf0c077ce87a') in 0.500627 seconds 
========================================================================
Received Import Request.
  Time since last request: 0.000023 seconds.
  path: Assets/SimplePoly City - Low Poly Assets/Models/Building_Bakery.fbx
  artifactKey: Guid(ea9803764c3c1e74b83f6dda1cfa0885) Importer(815301076,1909f56bfc062723c751e8b465ee728b)
Start importing Assets/SimplePoly City - Low Poly Assets/Models/Building_Bakery.fbx using Guid(ea9803764c3c1e74b83f6dda1cfa0885) Importer(815301076,1909f56bfc062723c751e8b465ee728b)  -> (artifact id: '32a1d8f4a77d115789bc1b02c811fdf0') in 0.023386 seconds 
========================================================================
Received Import Request.
  Time since last request: 0.000030 seconds.
  path: Assets/SimplePoly City - Low Poly Assets/Models/Building_House_03_color01.fbx
  artifactKey: Guid(4290fe0579b63f4429763c6c6d2f242d) Importer(815301076,1909f56bfc062723c751e8b465ee728b)
Start importing Assets/SimplePoly City - Low Poly Assets/Models/Building_House_03_color01.fbx using Guid(4290fe0579b63f4429763c6c6d2f242d) Importer(815301076,1909f56bfc062723c751e8b465ee728b)  -> (artifact id: '42010f08eb7fbe38a8f96bdf24d1ed44') in 0.024509 seconds 
========================================================================
Received Import Request.
  Time since last request: 0.000024 seconds.
  path: Assets/SimplePoly City - Low Poly Assets/Models/Natures_Big Tree.fbx
  artifactKey: Guid(b8b93a0c79396d54ea72d1eecb7bf246) Importer(815301076,1909f56bfc062723c751e8b465ee728b)
Start importing Assets/SimplePoly City - Low Poly Assets/Models/Natures_Big Tree.fbx using Guid(b8b93a0c79396d54ea72d1eecb7bf246) Importer(815301076,1909f56bfc062723c751e8b465ee728b)  -> (artifact id: '472f44cd0916effaf470db1f6b53c264') in 0.018054 seconds 
========================================================================
Received Import Request.
  Time since last request: 0.000024 seconds.
  path: Assets/SimplePoly City - Low Poly Assets/Models/Props_Traffic Sign_speed limit.fbx
  artifactKey: Guid(0954ad29f79c9c045bc4a3317ef3f978) Importer(815301076,1909f56bfc062723c751e8b465ee728b)
Start importing Assets/SimplePoly City - Low Poly Assets/Models/Props_Traffic Sign_speed limit.fbx using Guid(0954ad29f79c9c045bc4a3317ef3f978) Importer(815301076,1909f56bfc062723c751e8b465ee728b)  -> (artifact id: '29e3b420663e6016c52f45310ac50dab') in 0.019779 seconds 
========================================================================
Received Import Request.
  Time since last request: 0.000021 seconds.
  path: Assets/SimplePoly City - Low Poly Assets/Models/Vehicle_Pick up Truck.fbx
  artifactKey: Guid(6780ac7fd67c9ab43aebe63ff3fb60aa) Importer(815301076,1909f56bfc062723c751e8b465ee728b)
Start importing Assets/SimplePoly City - Low Poly Assets/Models/Vehicle_Pick up Truck.fbx using Guid(6780ac7fd67c9ab43aebe63ff3fb60aa) Importer(815301076,1909f56bfc062723c751e8b465ee728b)  -> (artifact id: 'b24e7a003e86885e71091ec72f569b6e') in 0.018892 seconds 
========================================================================
Received Import Request.
  Time since last request: 0.000022 seconds.
  path: Assets/SimplePoly City - Low Poly Assets/Models/Vehicle_Taxi.fbx
  artifactKey: Guid(a7419a75ac6929e48842c0470aa44718) Importer(815301076,1909f56bfc062723c751e8b465ee728b)
Start importing Assets/SimplePoly City - Low Poly Assets/Models/Vehicle_Taxi.fbx using Guid(a7419a75ac6929e48842c0470aa44718) Importer(815301076,1909f56bfc062723c751e8b465ee728b)  -> (artifact id: '8b6e44dd485436eea6d17d9bb0544695') in 0.019817 seconds 
========================================================================
Received Import Request.
  Time since last request: 0.000023 seconds.
  path: Assets/SimplePoly City - Low Poly Assets/Models/Road Lane Bus Stop.fbx
  artifactKey: Guid(b2e48a8553cc56243892a06271dc3c99) Importer(815301076,1909f56bfc062723c751e8b465ee728b)
Start importing Assets/SimplePoly City - Low Poly Assets/Models/Road Lane Bus Stop.fbx using Guid(b2e48a8553cc56243892a06271dc3c99) Importer(815301076,1909f56bfc062723c751e8b465ee728b)  -> (artifact id: '49828747233cbad6d62dcce7abfcf421') in 0.017190 seconds 
========================================================================
Received Import Request.
  Time since last request: 0.000034 seconds.
  path: Assets/SimplePoly City - Low Poly Assets/Models/Building_Drug Store.fbx
  artifactKey: Guid(1860d34e1bb20454eafce0acf664508b) Importer(815301076,1909f56bfc062723c751e8b465ee728b)
Start importing Assets/SimplePoly City - Low Poly Assets/Models/Building_Drug Store.fbx using Guid(1860d34e1bb20454eafce0acf664508b) Importer(815301076,1909f56bfc062723c751e8b465ee728b)  -> (artifact id: 'e82cb839336bb849d0e3c4f9eb961b59') in 0.018165 seconds 
========================================================================
Received Import Request.
  Time since last request: 0.000022 seconds.
  path: Assets/SimplePoly City - Low Poly Assets/Models/Natures_Rock_Big.fbx
  artifactKey: Guid(9af6d300c4b48bb4ebe9539c44d73f0c) Importer(815301076,1909f56bfc062723c751e8b465ee728b)
Start importing Assets/SimplePoly City - Low Poly Assets/Models/Natures_Rock_Big.fbx using Guid(9af6d300c4b48bb4ebe9539c44d73f0c) Importer(815301076,1909f56bfc062723c751e8b465ee728b)  -> (artifact id: 'c6f094c1579901d1e4a209b397ec5905') in 0.016411 seconds 
========================================================================
Received Import Request.
  Time since last request: 0.000048 seconds.
  path: Assets/SimplePoly City - Low Poly Assets/Models/Props_Roof Solar Panel.fbx
  artifactKey: Guid(033999da19ac9074d84c50be8da3917e) Importer(815301076,1909f56bfc062723c751e8b465ee728b)
Start importing Assets/SimplePoly City - Low Poly Assets/Models/Props_Roof Solar Panel.fbx using Guid(033999da19ac9074d84c50be8da3917e) Importer(815301076,1909f56bfc062723c751e8b465ee728b)  -> (artifact id: '18ac080b9857e84acd279fdd3843b1cf') in 0.018021 seconds 
========================================================================
Received Import Request.
  Time since last request: 0.000022 seconds.
  path: Assets/SimplePoly City - Low Poly Assets/Models/Building_House_02_color01.fbx
  artifactKey: Guid(8cb6d953267a0884288df6a274f09c40) Importer(815301076,1909f56bfc062723c751e8b465ee728b)
Start importing Assets/SimplePoly City - Low Poly Assets/Models/Building_House_02_color01.fbx using Guid(8cb6d953267a0884288df6a274f09c40) Importer(815301076,1909f56bfc062723c751e8b465ee728b)  -> (artifact id: '149424d7dea89f370b60f6044d8e61c3') in 0.017023 seconds 
========================================================================
Received Import Request.
  Time since last request: 0.000028 seconds.
  path: Assets/SimplePoly City - Low Poly Assets/Models/Road T_Intersection_02.fbx
  artifactKey: Guid(a6fe5bcbc6a87fb41af9ba32e09b0cda) Importer(815301076,1909f56bfc062723c751e8b465ee728b)
Start importing Assets/SimplePoly City - Low Poly Assets/Models/Road T_Intersection_02.fbx using Guid(a6fe5bcbc6a87fb41af9ba32e09b0cda) Importer(815301076,1909f56bfc062723c751e8b465ee728b)  -> (artifact id: 'd91bd5126e8e931f346b6756b358cd9a') in 0.017513 seconds 
========================================================================
Received Import Request.
  Time since last request: 0.000019 seconds.
  path: Assets/SimplePoly City - Low Poly Assets/Models/Vehicle_Car.fbx
  artifactKey: Guid(49fee4c5907e33545a3b2db2e9d66675) Importer(815301076,1909f56bfc062723c751e8b465ee728b)
Start importing Assets/SimplePoly City - Low Poly Assets/Models/Vehicle_Car.fbx using Guid(49fee4c5907e33545a3b2db2e9d66675) Importer(815301076,1909f56bfc062723c751e8b465ee728b)  -> (artifact id: '238451585a8d5a4b885cc88c51f04b15') in 0.019832 seconds 
========================================================================
Received Import Request.
  Time since last request: 0.000018 seconds.
  path: Assets/SimplePoly City - Low Poly Assets/Models/Vehicle_Ambulance.fbx
  artifactKey: Guid(ca65f40fba8c4d146800611d34e2e114) Importer(815301076,1909f56bfc062723c751e8b465ee728b)
Start importing Assets/SimplePoly City - Low Poly Assets/Models/Vehicle_Ambulance.fbx using Guid(ca65f40fba8c4d146800611d34e2e114) Importer(815301076,1909f56bfc062723c751e8b465ee728b)  -> (artifact id: 'e909eab5c3848766358bca5ad39018ed') in 0.020198 seconds 
========================================================================
Received Import Request.
  Time since last request: 0.000024 seconds.
  path: Assets/SimplePoly City - Low Poly Assets/Models/Props_Fence.fbx
  artifactKey: Guid(4c3178e7d9864a349a71f8e4bc19a179) Importer(815301076,1909f56bfc062723c751e8b465ee728b)
Start importing Assets/SimplePoly City - Low Poly Assets/Models/Props_Fence.fbx using Guid(4c3178e7d9864a349a71f8e4bc19a179) Importer(815301076,1909f56bfc062723c751e8b465ee728b)  -> (artifact id: '889cc8eac740660372211514276cdb43') in 0.018091 seconds 
========================================================================
Received Import Request.
  Time since last request: 0.000028 seconds.
  path: Assets/SimplePoly City - Low Poly Assets/Models/Building_Residential_color01.fbx
  artifactKey: Guid(42f28010e67310c4c9ea88fbc4084fc6) Importer(815301076,1909f56bfc062723c751e8b465ee728b)
Start importing Assets/SimplePoly City - Low Poly Assets/Models/Building_Residential_color01.fbx using Guid(42f28010e67310c4c9ea88fbc4084fc6) Importer(815301076,1909f56bfc062723c751e8b465ee728b)  -> (artifact id: '90d22d58f5d702dccacab7f64825f0d6') in 0.019727 seconds 
========================================================================
Received Import Request.
  Time since last request: 0.000028 seconds.
  path: Assets/SimplePoly City - Low Poly Assets/Models/Building_Restaurant.fbx
  artifactKey: Guid(efc62b24c745a1f469c0d1453dfb41e3) Importer(815301076,1909f56bfc062723c751e8b465ee728b)
Start importing Assets/SimplePoly City - Low Poly Assets/Models/Building_Restaurant.fbx using Guid(efc62b24c745a1f469c0d1453dfb41e3) Importer(815301076,1909f56bfc062723c751e8b465ee728b)  -> (artifact id: '99ab4467fd451cd7e179f8fe47322710') in 0.019794 seconds 
========================================================================
Received Import Request.
  Time since last request: 0.000024 seconds.
  path: Assets/SimplePoly City - Low Poly Assets/Models/Natures_Grass Tile Small.fbx
  artifactKey: Guid(3163f2c03b1dac0419001ac5e42f8c0b) Importer(815301076,1909f56bfc062723c751e8b465ee728b)
Start importing Assets/SimplePoly City - Low Poly Assets/Models/Natures_Grass Tile Small.fbx using Guid(3163f2c03b1dac0419001ac5e42f8c0b) Importer(815301076,1909f56bfc062723c751e8b465ee728b)  -> (artifact id: 'ee878c95a42319729a20fe097f63b48c') in 0.016136 seconds 
========================================================================
Received Import Request.
  Time since last request: 0.000024 seconds.
  path: Assets/SimplePoly City - Low Poly Assets/Models/Vehicle_Bus_separate.fbx
  artifactKey: Guid(bec0886ced73844469c2edf3ebb4b047) Importer(815301076,1909f56bfc062723c751e8b465ee728b)
Start importing Assets/SimplePoly City - Low Poly Assets/Models/Vehicle_Bus_separate.fbx using Guid(bec0886ced73844469c2edf3ebb4b047) Importer(815301076,1909f56bfc062723c751e8b465ee728b)  -> (artifact id: '3a148ff693e5c8a9e70cea50d298e753') in 0.049913 seconds 
========================================================================
Received Import Request.
  Time since last request: 0.000033 seconds.
  path: Assets/SimplePoly City - Low Poly Assets/Models/Natures_Bush_02.fbx
  artifactKey: Guid(f65d01a310db1b74582d89cdcb63fe4b) Importer(815301076,1909f56bfc062723c751e8b465ee728b)
Start importing Assets/SimplePoly City - Low Poly Assets/Models/Natures_Bush_02.fbx using Guid(f65d01a310db1b74582d89cdcb63fe4b) Importer(815301076,1909f56bfc062723c751e8b465ee728b)  -> (artifact id: 'a8dec1f6b27685cc24f5d4d7705a82f7') in 0.019346 seconds 
========================================================================
Received Import Request.
  Time since last request: 0.000028 seconds.
  path: Assets/SimplePoly City - Low Poly Assets/Models/Road Concrete Tile Small.fbx
  artifactKey: Guid(d4f2e69b8ed6aed4885772810d0f4a20) Importer(815301076,1909f56bfc062723c751e8b465ee728b)
Start importing Assets/SimplePoly City - Low Poly Assets/Models/Road Concrete Tile Small.fbx using Guid(d4f2e69b8ed6aed4885772810d0f4a20) Importer(815301076,1909f56bfc062723c751e8b465ee728b)  -> (artifact id: '5a9d099e4147ef9d5209e7aa17a2af0b') in 0.017672 seconds 
========================================================================
Received Import Request.
  Time since last request: 0.000025 seconds.
  path: Assets/SimplePoly City - Low Poly Assets/Models/Building_Music Store.fbx
  artifactKey: Guid(e6c7be1b4691ca441abe64159118907b) Importer(815301076,1909f56bfc062723c751e8b465ee728b)
Start importing Assets/SimplePoly City - Low Poly Assets/Models/Building_Music Store.fbx using Guid(e6c7be1b4691ca441abe64159118907b) Importer(815301076,1909f56bfc062723c751e8b465ee728b)  -> (artifact id: '53266f0d32dc1a93b571d01492d830f7') in 0.018605 seconds 
========================================================================
Received Import Request.
  Time since last request: 0.000027 seconds.
  path: Assets/SimplePoly City - Low Poly Assets/Models/Props_Coffee shop chair.fbx
  artifactKey: Guid(23816e0039304184c9d9f74b067ca30e) Importer(815301076,1909f56bfc062723c751e8b465ee728b)
Start importing Assets/SimplePoly City - Low Poly Assets/Models/Props_Coffee shop chair.fbx using Guid(23816e0039304184c9d9f74b067ca30e) Importer(815301076,1909f56bfc062723c751e8b465ee728b)  -> (artifact id: '3ebc4d5b35dcb3f0faf863c638fef8f6') in 0.017999 seconds 
========================================================================
Received Import Request.
  Time since last request: 0.000034 seconds.
  path: Assets/SimplePoly City - Low Poly Assets/Models/Road Corner_01.fbx
  artifactKey: Guid(17f3d60dae6c4024d980ef9e7722acaa) Importer(815301076,1909f56bfc062723c751e8b465ee728b)
Start importing Assets/SimplePoly City - Low Poly Assets/Models/Road Corner_01.fbx using Guid(17f3d60dae6c4024d980ef9e7722acaa) Importer(815301076,1909f56bfc062723c751e8b465ee728b)  -> (artifact id: 'ce29c9459e4882696cf60d020da48d0b') in 0.017878 seconds 
========================================================================
Received Import Request.
  Time since last request: 0.000022 seconds.
  path: Assets/SimplePoly City - Low Poly Assets/Models/Building_Auto Service.fbx
  artifactKey: Guid(c886fb979d2b589419f4cd3003261086) Importer(815301076,1909f56bfc062723c751e8b465ee728b)
Start importing Assets/SimplePoly City - Low Poly Assets/Models/Building_Auto Service.fbx using Guid(c886fb979d2b589419f4cd3003261086) Importer(815301076,1909f56bfc062723c751e8b465ee728b)  -> (artifact id: '3a9f4c91cfa520bf633267e99d6b4fa5') in 0.017499 seconds 
========================================================================
Received Import Request.
  Time since last request: 0.000025 seconds.
  path: Assets/SimplePoly City - Low Poly Assets/Models/Vehicle_Bus.fbx
  artifactKey: Guid(0d82ae0493e1c264bad0588fde0a3d8a) Importer(815301076,1909f56bfc062723c751e8b465ee728b)
Start importing Assets/SimplePoly City - Low Poly Assets/Models/Vehicle_Bus.fbx using Guid(0d82ae0493e1c264bad0588fde0a3d8a) Importer(815301076,1909f56bfc062723c751e8b465ee728b)  -> (artifact id: '7130cf264d094823916822683e3b9282') in 0.015674 seconds 
========================================================================
Received Import Request.
  Time since last request: 0.000018 seconds.
  path: Assets/SimplePoly City - Low Poly Assets/Models/Vehicle_Car_separate.fbx
  artifactKey: Guid(62742ca8cd0c30a44b9301b3fae00884) Importer(815301076,1909f56bfc062723c751e8b465ee728b)
Start importing Assets/SimplePoly City - Low Poly Assets/Models/Vehicle_Car_separate.fbx using Guid(62742ca8cd0c30a44b9301b3fae00884) Importer(815301076,1909f56bfc062723c751e8b465ee728b)  -> (artifact id: 'fabe7eb1acb45122b0a8d22fa33b8543') in 0.043562 seconds 
========================================================================
Received Prepare
Registering precompiled user dll's ...
Registered in 0.008281 seconds.
Begin MonoManager ReloadAssembly
Symbol file LoadedFromMemory doesn't match image C:\Users\munj5\OneDrive\바탕 화면\3D_Run\Library\PackageCache\com.unity.visualscripting@1.8.0\Editor\VisualScripting.Core\Dependencies\YamlDotNet\Unity.VisualScripting.YamlDotNet.dll
Symbol file LoadedFromMemory doesn't match image C:\Users\munj5\OneDrive\바탕 화면\3D_Run\Library\PackageCache\com.unity.visualscripting@1.8.0\Editor\VisualScripting.Core\Dependencies\DotNetZip\Unity.VisualScripting.IonicZip.dll
Native extension for WindowsStandalone target not found
Native extension for iOS target not found
Native extension for Android target not found
Refreshing native plugins compatible for Editor in 0.62 ms, found 3 plugins.
Preloading 0 native plugins for Editor in 0.00 ms.
Mono: successfully reloaded assembly
- Completed reload, in  1.157 seconds
Domain Reload Profiling:
	ReloadAssembly (1158ms)
		BeginReloadAssembly (172ms)
			ExecutionOrderSort (0ms)
			DisableScriptedObjects (4ms)
			BackupInstance (0ms)
			ReleaseScriptingObjects (0ms)
			CreateAndSetChildDomain (31ms)
		EndReloadAssembly (867ms)
			LoadAssemblies (127ms)
			RebuildTransferFunctionScriptingTraits (0ms)
			SetupTypeCache (308ms)
			ReleaseScriptCaches (1ms)
			RebuildScriptCaches (44ms)
			SetupLoadedEditorAssemblies (358ms)
				LogAssemblyErrors (0ms)
				InitializePlatformSupportModulesInManaged (41ms)
				SetLoadedEditorAssemblies (0ms)
				RefreshPlugins (1ms)
				BeforeProcessingInitializeOnLoad (78ms)
				ProcessInitializeOnLoadAttributes (196ms)
				ProcessInitializeOnLoadMethodAttributes (22ms)
				AfterProcessingInitializeOnLoad (20ms)
				EditorAssembliesLoaded (0ms)
			ExecutionOrderSort2 (0ms)
			AwakeInstancesAfterBackupRestoration (13ms)
Platform modules already initialized, skipping
Refreshing native plugins compatible for Editor in 1.91 ms, found 3 plugins.
Preloading 0 native plugins for Editor in 0.00 ms.
Unloading 3043 Unused Serialized files (Serialized files now loaded: 0)
Unloading 17 unused Assets / (79.9 KB). Loaded Objects now: 3525.
Memory consumption went from 116.5 MB to 116.4 MB.
Total: 2.256500 ms (FindLiveObjects: 0.211000 ms CreateObjectMapping: 0.112700 ms MarkObjects: 1.868300 ms  DeleteObjects: 0.063600 ms)

AssetImportParameters requested are different than current active one (requested -> active):
  custom:video-decoder-ogg-theora: a1e56fd34408186e4bbccfd4996cb3dc -> 
  custom:container-muxer-webm: aa71ff27fc2769a1b78a27578f13a17b -> 
  custom:container-demuxer-webm: 4f35f7cbe854078d1ac9338744f61a02 -> 
  custom:video-encoder-webm-vp8: eb34c28f22e8b96e1ab97ce403110664 -> 
  custom:audio-encoder-webm-vorbis: bf7c407c2cedff20999df2af8eb42d56 -> 
  custom:framework-win-MediaFoundation: 216162199b28c13a410421893ffa2e32 -> 
  custom:container-demuxer-ogg: 62fdf1f143b41e24485cea50d1cbac27 -> 
  custom:video-decoder-webm-vp8: 9c59270c3fd7afecdb556c50c9e8de78 -> 
  custom:audio-decoder-ogg-vorbis: bf7c407c2cedff20999df2af8eb42d56 -> 
========================================================================
Received Import Request.
  Time since last request: 15.980478 seconds.
  path: Assets/SimplePoly City - Low Poly Assets/Materials/Building Sky_big_color02.mat
  artifactKey: Guid(ba66acee62948c24baacd1186810d424) Importer(815301076,1909f56bfc062723c751e8b465ee728b)
Start importing Assets/SimplePoly City - Low Poly Assets/Materials/Building Sky_big_color02.mat using Guid(ba66acee62948c24baacd1186810d424) Importer(815301076,1909f56bfc062723c751e8b465ee728b)  -> (artifact id: '8f14432df487ef03a8533bf9aaf9f6b0') in 0.178043 seconds 
========================================================================
Received Import Request.
  Time since last request: 0.000020 seconds.
  path: Assets/SimplePoly City - Low Poly Assets/Materials/Props_BillBoard_small.mat
  artifactKey: Guid(dcbee53a8041c594aaf20d616c6ed33a) Importer(815301076,1909f56bfc062723c751e8b465ee728b)
Start importing Assets/SimplePoly City - Low Poly Assets/Materials/Props_BillBoard_small.mat using Guid(dcbee53a8041c594aaf20d616c6ed33a) Importer(815301076,1909f56bfc062723c751e8b465ee728b)  -> (artifact id: '0a35a76ff50ad025aee20c53b81dea8d') in 0.012246 seconds 
========================================================================
Received Import Request.
  Time since last request: 0.000030 seconds.
  path: Assets/SimplePoly City - Low Poly Assets/Materials/Building_House_03_color01.mat
  artifactKey: Guid(ca3609b9bffbfb14ab8e97e2329ad3b0) Importer(815301076,1909f56bfc062723c751e8b465ee728b)
Start importing Assets/SimplePoly City - Low Poly Assets/Materials/Building_House_03_color01.mat using Guid(ca3609b9bffbfb14ab8e97e2329ad3b0) Importer(815301076,1909f56bfc062723c751e8b465ee728b)  -> (artifact id: 'b59f431de6c2d72d67912d9d2d652f70') in 0.023707 seconds 
========================================================================
Received Import Request.
  Time since last request: 0.000019 seconds.
  path: Assets/SimplePoly City - Low Poly Assets/Materials/Building_House_04_color01.mat
  artifactKey: Guid(b5a19d15b0a91e74eacfaf96d03ca2f0) Importer(815301076,1909f56bfc062723c751e8b465ee728b)
Start importing Assets/SimplePoly City - Low Poly Assets/Materials/Building_House_04_color01.mat using Guid(b5a19d15b0a91e74eacfaf96d03ca2f0) Importer(815301076,1909f56bfc062723c751e8b465ee728b)  -> (artifact id: '98827d4d709704b92f650e5032b1e8bd') in 0.013319 seconds 
========================================================================
Received Import Request.
  Time since last request: 0.000023 seconds.
  path: Assets/SimplePoly City - Low Poly Assets/Materials/Building_House_02_color01.mat
  artifactKey: Guid(374ab596cd3f81b429cc260ead5cad1d) Importer(815301076,1909f56bfc062723c751e8b465ee728b)
Start importing Assets/SimplePoly City - Low Poly Assets/Materials/Building_House_02_color01.mat using Guid(374ab596cd3f81b429cc260ead5cad1d) Importer(815301076,1909f56bfc062723c751e8b465ee728b)  -> (artifact id: '29b19b0b6c6e27fe4a0520b38f11124c') in 0.014934 seconds 
========================================================================
Received Import Request.
  Time since last request: 0.000030 seconds.
  path: Assets/SimplePoly City - Low Poly Assets/Materials/Building_Restaurant.mat
  artifactKey: Guid(583621a2a9afaee4c93548c5ac08d4e3) Importer(815301076,1909f56bfc062723c751e8b465ee728b)
Start importing Assets/SimplePoly City - Low Poly Assets/Materials/Building_Restaurant.mat using Guid(583621a2a9afaee4c93548c5ac08d4e3) Importer(815301076,1909f56bfc062723c751e8b465ee728b)  -> (artifact id: '5b5dbf7f929c11d3078d827498c58415') in 0.011977 seconds 
========================================================================
Received Import Request.
  Time since last request: 0.000024 seconds.
  path: Assets/SimplePoly City - Low Poly Assets/Materials/Road Concrete Tile.mat
  artifactKey: Guid(791087fbdef01f44fb204ef3dc5e6db8) Importer(815301076,1909f56bfc062723c751e8b465ee728b)
Start importing Assets/SimplePoly City - Low Poly Assets/Materials/Road Concrete Tile.mat using Guid(791087fbdef01f44fb204ef3dc5e6db8) Importer(815301076,1909f56bfc062723c751e8b465ee728b)  -> (artifact id: 'f6f106b3bd71ca39ee0aa99e8572932b') in 0.027971 seconds 
========================================================================
Received Import Request.
  Time since last request: 0.000022 seconds.
  path: Assets/SimplePoly City - Low Poly Assets/Materials/Building_Auto Service.mat
  artifactKey: Guid(38ce9279a60381844a3f6a85bac88a3e) Importer(815301076,1909f56bfc062723c751e8b465ee728b)
Start importing Assets/SimplePoly City - Low Poly Assets/Materials/Building_Auto Service.mat using Guid(38ce9279a60381844a3f6a85bac88a3e) Importer(815301076,1909f56bfc062723c751e8b465ee728b)  -> (artifact id: 'e0f5a35d2a05aad8df981ff130389e7d') in 0.045388 seconds 
========================================================================
Received Import Request.
  Time since last request: 0.000023 seconds.
  path: Assets/SimplePoly City - Low Poly Assets/Materials/Building_House_02_color02.mat
  artifactKey: Guid(b66f907b85259674ca69f1732a632bcd) Importer(815301076,1909f56bfc062723c751e8b465ee728b)
Start importing Assets/SimplePoly City - Low Poly Assets/Materials/Building_House_02_color02.mat using Guid(b66f907b85259674ca69f1732a632bcd) Importer(815301076,1909f56bfc062723c751e8b465ee728b)  -> (artifact id: '31c5bf847df9ffaa46e7b563d76d70ae') in 0.026147 seconds 
========================================================================
Received Import Request.
  Time since last request: 0.000021 seconds.
  path: Assets/SimplePoly City - Low Poly Assets/Materials/Building_Stadium.mat
  artifactKey: Guid(748bc3a1eddacab499ba4248377c18a3) Importer(815301076,1909f56bfc062723c751e8b465ee728b)
Start importing Assets/SimplePoly City - Low Poly Assets/Materials/Building_Stadium.mat using Guid(748bc3a1eddacab499ba4248377c18a3) Importer(815301076,1909f56bfc062723c751e8b465ee728b)  -> (artifact id: '57a9331576e13ef60067f3db0d41c803') in 0.014386 seconds 
========================================================================
Received Import Request.
  Time since last request: 0.000024 seconds.
  path: Assets/SimplePoly City - Low Poly Assets/Materials/Vehicle_Bus_color01.mat
  artifactKey: Guid(2851e6469fffc7640a0b1333a9b2519f) Importer(815301076,1909f56bfc062723c751e8b465ee728b)
Start importing Assets/SimplePoly City - Low Poly Assets/Materials/Vehicle_Bus_color01.mat using Guid(2851e6469fffc7640a0b1333a9b2519f) Importer(815301076,1909f56bfc062723c751e8b465ee728b)  -> (artifact id: 'c306dd26dfc95c0512ceb1a1de549d4a') in 0.016207 seconds 
========================================================================
Received Import Request.
  Time since last request: 0.000030 seconds.
  path: Assets/SimplePoly City - Low Poly Assets/Materials/Building_House_02_color03.mat
  artifactKey: Guid(c622c6f6cb906dd47b5fd1368346e0c8) Importer(815301076,1909f56bfc062723c751e8b465ee728b)
Start importing Assets/SimplePoly City - Low Poly Assets/Materials/Building_House_02_color03.mat using Guid(c622c6f6cb906dd47b5fd1368346e0c8) Importer(815301076,1909f56bfc062723c751e8b465ee728b)  -> (artifact id: 'f0eaba870c9be3ce47252e9831e71cc6') in 0.015464 seconds 
========================================================================
Received Import Request.
  Time since last request: 0.000021 seconds.
  path: Assets/SimplePoly City - Low Poly Assets/Materials/Vehicle_Ambulance.mat
  artifactKey: Guid(fded615538aced440887a3468715a826) Importer(815301076,1909f56bfc062723c751e8b465ee728b)
Start importing Assets/SimplePoly City - Low Poly Assets/Materials/Vehicle_Ambulance.mat using Guid(fded615538aced440887a3468715a826) Importer(815301076,1909f56bfc062723c751e8b465ee728b)  -> (artifact id: '0330e929c087dc46fe645e893373a9bb') in 0.013184 seconds 
========================================================================
Received Import Request.
  Time since last request: 0.000022 seconds.
  path: Assets/SimplePoly City - Low Poly Assets/Materials/Building_Coffee Shop.mat
  artifactKey: Guid(4967bea7482277d48955ef26a2a50c7c) Importer(815301076,1909f56bfc062723c751e8b465ee728b)
Start importing Assets/SimplePoly City - Low Poly Assets/Materials/Building_Coffee Shop.mat using Guid(4967bea7482277d48955ef26a2a50c7c) Importer(815301076,1909f56bfc062723c751e8b465ee728b)  -> (artifact id: '880f5ab3a6e311b9d1d37cb1312301a1') in 0.013263 seconds 
========================================================================
Received Import Request.
  Time since last request: 0.000016 seconds.
  path: Assets/SimplePoly City - Low Poly Assets/Materials/Natures.mat
  artifactKey: Guid(39f651e340882304fa6f21b321d3bea5) Importer(815301076,1909f56bfc062723c751e8b465ee728b)
Start importing Assets/SimplePoly City - Low Poly Assets/Materials/Natures.mat using Guid(39f651e340882304fa6f21b321d3bea5) Importer(815301076,1909f56bfc062723c751e8b465ee728b)  -> (artifact id: 'e2968164325265546120b5c142e7f9fd') in 0.013540 seconds 
========================================================================
Received Import Request.
  Time since last request: 0.000022 seconds.
  path: Assets/SimplePoly City - Low Poly Assets/Materials/Building_Residential_color01.mat
  artifactKey: Guid(2016355b121a1d141a5a696a5e1a3204) Importer(815301076,1909f56bfc062723c751e8b465ee728b)
Start importing Assets/SimplePoly City - Low Poly Assets/Materials/Building_Residential_color01.mat using Guid(2016355b121a1d141a5a696a5e1a3204) Importer(815301076,1909f56bfc062723c751e8b465ee728b)  -> (artifact id: '4aa11ee12d951e6e73cfd2c3b5007f89') in 0.012578 seconds 
========================================================================
Received Import Request.
  Time since last request: 0.000017 seconds.
  path: Assets/SimplePoly City - Low Poly Assets/Materials/Vehicle_Pick up Truck_color01.mat
  artifactKey: Guid(3ec7be87852e30f49a754a666cd49e56) Importer(815301076,1909f56bfc062723c751e8b465ee728b)
Start importing Assets/SimplePoly City - Low Poly Assets/Materials/Vehicle_Pick up Truck_color01.mat using Guid(3ec7be87852e30f49a754a666cd49e56) Importer(815301076,1909f56bfc062723c751e8b465ee728b)  -> (artifact id: '1d53369ea3f550814c876b2ec88f76b6') in 0.014889 seconds 
========================================================================
Received Import Request.
  Time since last request: 1.205491 seconds.
  path: Assets/SimplePoly City - Low Poly Assets/Prefab/Buildings/Building Sky_big_color02.prefab
  artifactKey: Guid(694e1313d3f12e84aaf959ff6960ddaf) Importer(815301076,1909f56bfc062723c751e8b465ee728b)
Start importing Assets/SimplePoly City - Low Poly Assets/Prefab/Buildings/Building Sky_big_color02.prefab using Guid(694e1313d3f12e84aaf959ff6960ddaf) Importer(815301076,1909f56bfc062723c751e8b465ee728b)  -> (artifact id: '65e46f558c5f578f2917b9fd322976e9') in 0.023592 seconds 
========================================================================
Received Import Request.
  Time since last request: 0.000019 seconds.
  path: Assets/SimplePoly City - Low Poly Assets/Prefab/Buildings/Building Sky_small_color03.prefab
  artifactKey: Guid(35807f23e7899e541b60b2fb2bbb51ef) Importer(815301076,1909f56bfc062723c751e8b465ee728b)
Start importing Assets/SimplePoly City - Low Poly Assets/Prefab/Buildings/Building Sky_small_color03.prefab using Guid(35807f23e7899e541b60b2fb2bbb51ef) Importer(815301076,1909f56bfc062723c751e8b465ee728b)  -> (artifact id: '16344b65706ce113dc8c412405585120') in 0.015455 seconds 
========================================================================
Received Import Request.
  Time since last request: 0.000021 seconds.
  path: Assets/SimplePoly City - Low Poly Assets/Prefab/Buildings/Building_House_03_color01.prefab
  artifactKey: Guid(11c264ca1bac5d74d883c776435fa684) Importer(815301076,1909f56bfc062723c751e8b465ee728b)
Start importing Assets/SimplePoly City - Low Poly Assets/Prefab/Buildings/Building_House_03_color01.prefab using Guid(11c264ca1bac5d74d883c776435fa684) Importer(815301076,1909f56bfc062723c751e8b465ee728b)  -> (artifact id: '1cffab4484915daeec364b49751e40c8') in 0.015382 seconds 
========================================================================
Received Import Request.
  Time since last request: 0.000024 seconds.
  path: Assets/SimplePoly City - Low Poly Assets/Prefab/Buildings/Building_House_01_color03.prefab
  artifactKey: Guid(92dcd407350173049ab8c86482fadf42) Importer(815301076,1909f56bfc062723c751e8b465ee728b)
Start importing Assets/SimplePoly City - Low Poly Assets/Prefab/Buildings/Building_House_01_color03.prefab using Guid(92dcd407350173049ab8c86482fadf42) Importer(815301076,1909f56bfc062723c751e8b465ee728b)  -> (artifact id: '58d17688a1c60a43dcc21fc2cdc6c8fe') in 0.011981 seconds 
========================================================================
Received Import Request.
  Time since last request: 0.000018 seconds.
  path: Assets/SimplePoly City - Low Poly Assets/Prefab/Buildings/Building_House_04_color02.prefab
  artifactKey: Guid(10ba41f0223c3104bad126af2b380971) Importer(815301076,1909f56bfc062723c751e8b465ee728b)
Start importing Assets/SimplePoly City - Low Poly Assets/Prefab/Buildings/Building_House_04_color02.prefab using Guid(10ba41f0223c3104bad126af2b380971) Importer(815301076,1909f56bfc062723c751e8b465ee728b)  -> (artifact id: '62884594d715075a18be805d46d69155') in 0.012018 seconds 
========================================================================
Received Import Request.
  Time since last request: 0.000020 seconds.
  path: Assets/SimplePoly City - Low Poly Assets/Prefab/Buildings/Building_Bar.prefab
  artifactKey: Guid(3667b1c4d7f532647b9156782c0c80f0) Importer(815301076,1909f56bfc062723c751e8b465ee728b)
Start importing Assets/SimplePoly City - Low Poly Assets/Prefab/Buildings/Building_Bar.prefab using Guid(3667b1c4d7f532647b9156782c0c80f0) Importer(815301076,1909f56bfc062723c751e8b465ee728b)  -> (artifact id: '5676ed35feec4556597c12e4cdec45b0') in 0.014611 seconds 
========================================================================
Received Import Request.
  Time since last request: 0.000022 seconds.
  path: Assets/SimplePoly City - Low Poly Assets/Prefab/Buildings/Building_Gas Station.prefab
  artifactKey: Guid(260808cfd9b21994d8c3007a7bc9934c) Importer(815301076,1909f56bfc062723c751e8b465ee728b)
Start importing Assets/SimplePoly City - Low Poly Assets/Prefab/Buildings/Building_Gas Station.prefab using Guid(260808cfd9b21994d8c3007a7bc9934c) Importer(815301076,1909f56bfc062723c751e8b465ee728b)  -> (artifact id: 'cdf94a8ef65f936c101ad9d76a5b2367') in 0.012744 seconds 
========================================================================
Received Import Request.
  Time since last request: 0.000021 seconds.
  path: Assets/SimplePoly City - Low Poly Assets/Prefab/Buildings/Building_Shoes Shop.prefab
  artifactKey: Guid(52f969fb493f02248ba2e0ab07d6d81f) Importer(815301076,1909f56bfc062723c751e8b465ee728b)
Start importing Assets/SimplePoly City - Low Poly Assets/Prefab/Buildings/Building_Shoes Shop.prefab using Guid(52f969fb493f02248ba2e0ab07d6d81f) Importer(815301076,1909f56bfc062723c751e8b465ee728b)  -> (artifact id: 'e6c67b489ae9eb7f3ea8c28060df1724') in 0.014494 seconds 
========================================================================
Received Import Request.
  Time since last request: 0.000029 seconds.
  path: Assets/SimplePoly City - Low Poly Assets/Prefab/Buildings/Building_Stadium.prefab
  artifactKey: Guid(00b78b03851cb0748b61d9005fb73b49) Importer(815301076,1909f56bfc062723c751e8b465ee728b)
Start importing Assets/SimplePoly City - Low Poly Assets/Prefab/Buildings/Building_Stadium.prefab using Guid(00b78b03851cb0748b61d9005fb73b49) Importer(815301076,1909f56bfc062723c751e8b465ee728b)  -> (artifact id: '05511cb52988c18a998b072bcb66377c') in 0.016522 seconds 
========================================================================
Received Import Request.
  Time since last request: 7.554172 seconds.
  path: Assets/SimplePoly City - Low Poly Assets/Prefab/Natures/Natures_Bush_01.prefab
  artifactKey: Guid(31bbda51eeab02f44a8e92a7da2f5ff8) Importer(815301076,1909f56bfc062723c751e8b465ee728b)
Start importing Assets/SimplePoly City - Low Poly Assets/Prefab/Natures/Natures_Bush_01.prefab using Guid(31bbda51eeab02f44a8e92a7da2f5ff8) Importer(815301076,1909f56bfc062723c751e8b465ee728b)  -> (artifact id: '3e137c1a3f23651f3937c7062a02f60e') in 0.012544 seconds 
========================================================================
Received Import Request.
  Time since last request: 0.000017 seconds.
  path: Assets/SimplePoly City - Low Poly Assets/Prefab/Natures/Natures_Rock_Big.prefab
  artifactKey: Guid(dac1a631b172e66469fb09e9987bcf57) Importer(815301076,1909f56bfc062723c751e8b465ee728b)
Start importing Assets/SimplePoly City - Low Poly Assets/Prefab/Natures/Natures_Rock_Big.prefab using Guid(dac1a631b172e66469fb09e9987bcf57) Importer(815301076,1909f56bfc062723c751e8b465ee728b)  -> (artifact id: '5c2c9f3c74ee28094a5b2c7e243eebfb') in 0.014433 seconds 
========================================================================
Received Import Request.
  Time since last request: 0.000045 seconds.
  path: Assets/SimplePoly City - Low Poly Assets/Prefab/Natures/Natures_Grass Bar.prefab
  artifactKey: Guid(c07ada992c3586e4dbf557bc4b8718cf) Importer(815301076,1909f56bfc062723c751e8b465ee728b)
Start importing Assets/SimplePoly City - Low Poly Assets/Prefab/Natures/Natures_Grass Bar.prefab using Guid(c07ada992c3586e4dbf557bc4b8718cf) Importer(815301076,1909f56bfc062723c751e8b465ee728b)  -> (artifact id: 'b3b48fe2f611fe58dcd5c5f9a28cfb9f') in 0.013676 seconds 
========================================================================
Received Import Request.
  Time since last request: 0.000043 seconds.
  path: Assets/SimplePoly City - Low Poly Assets/Prefab/Natures/Natures_Rock_small.prefab
  artifactKey: Guid(9ec25066ec33fa84d9227e27c5f5a8a0) Importer(815301076,1909f56bfc062723c751e8b465ee728b)
Start importing Assets/SimplePoly City - Low Poly Assets/Prefab/Natures/Natures_Rock_small.prefab using Guid(9ec25066ec33fa84d9227e27c5f5a8a0) Importer(815301076,1909f56bfc062723c751e8b465ee728b)  -> (artifact id: 'fee0ae622530e095130f1669f3feff38') in 0.011743 seconds 
========================================================================
Received Import Request.
  Time since last request: 0.427379 seconds.
  path: Assets/SimplePoly City - Low Poly Assets/Prefab/Props/Props_Bench_2.prefab
  artifactKey: Guid(6458a4c9f91f22741a5064b5b7cfd892) Importer(815301076,1909f56bfc062723c751e8b465ee728b)
Start importing Assets/SimplePoly City - Low Poly Assets/Prefab/Props/Props_Bench_2.prefab using Guid(6458a4c9f91f22741a5064b5b7cfd892) Importer(815301076,1909f56bfc062723c751e8b465ee728b)  -> (artifact id: 'be7f627406a02ad03b8fa23a13c4656b') in 0.013442 seconds 
========================================================================
Received Import Request.
  Time since last request: 0.000024 seconds.
  path: Assets/SimplePoly City - Low Poly Assets/Prefab/Props/Props_Dustbin.prefab
  artifactKey: Guid(d59a4f6080634af41a616bc51af1d2d9) Importer(815301076,1909f56bfc062723c751e8b465ee728b)
Start importing Assets/SimplePoly City - Low Poly Assets/Prefab/Props/Props_Dustbin.prefab using Guid(d59a4f6080634af41a616bc51af1d2d9) Importer(815301076,1909f56bfc062723c751e8b465ee728b)  -> (artifact id: 'f6cb069702c1b340ba050777d6f997c8') in 0.013250 seconds 
========================================================================
Received Import Request.
  Time since last request: 0.000020 seconds.
  path: Assets/SimplePoly City - Low Poly Assets/Prefab/Props/Props_Roof prop air.prefab
  artifactKey: Guid(120449a04911a924ca1239be382ff0be) Importer(815301076,1909f56bfc062723c751e8b465ee728b)
Start importing Assets/SimplePoly City - Low Poly Assets/Prefab/Props/Props_Roof prop air.prefab using Guid(120449a04911a924ca1239be382ff0be) Importer(815301076,1909f56bfc062723c751e8b465ee728b)  -> (artifact id: 'f62588112e46f73b18a516558f40734d') in 0.015063 seconds 
========================================================================
Received Import Request.
  Time since last request: 0.000020 seconds.
  path: Assets/SimplePoly City - Low Poly Assets/Prefab/Props/Props_Roof Antenna.prefab
  artifactKey: Guid(acf38ccf2258add4ba3aa2d89b708d2a) Importer(815301076,1909f56bfc062723c751e8b465ee728b)
Start importing Assets/SimplePoly City - Low Poly Assets/Prefab/Props/Props_Roof Antenna.prefab using Guid(acf38ccf2258add4ba3aa2d89b708d2a) Importer(815301076,1909f56bfc062723c751e8b465ee728b)  -> (artifact id: '6783bc35bc7aa3bcbc6ba0f38d7f92f3') in 0.012446 seconds 
========================================================================
Received Import Request.
  Time since last request: 0.000021 seconds.
  path: Assets/SimplePoly City - Low Poly Assets/Prefab/Props/Props_Traffic Signal_small.prefab
  artifactKey: Guid(2857b989c828950448ead142ca28e4a3) Importer(815301076,1909f56bfc062723c751e8b465ee728b)
Start importing Assets/SimplePoly City - Low Poly Assets/Prefab/Props/Props_Traffic Signal_small.prefab using Guid(2857b989c828950448ead142ca28e4a3) Importer(815301076,1909f56bfc062723c751e8b465ee728b)  -> (artifact id: 'c60b6c917a69000f3445f03f344cce65') in 0.017664 seconds 
========================================================================
Received Import Request.
  Time since last request: 2.795702 seconds.
  path: Assets/SimplePoly City - Low Poly Assets/Prefab/Roads/Road Concrete Tile.prefab
  artifactKey: Guid(d34e8533c8de8ec45869f9144584d929) Importer(815301076,1909f56bfc062723c751e8b465ee728b)
Start importing Assets/SimplePoly City - Low Poly Assets/Prefab/Roads/Road Concrete Tile.prefab using Guid(d34e8533c8de8ec45869f9144584d929) Importer(815301076,1909f56bfc062723c751e8b465ee728b)  -> (artifact id: 'cab103e8f6e52962193035ffaf7dad00') in 0.030378 seconds 
========================================================================
Received Import Request.
  Time since last request: 0.000021 seconds.
  path: Assets/SimplePoly City - Low Poly Assets/Prefab/Roads/Road Intersection_02.prefab
  artifactKey: Guid(e5a98a4c41704e24eb7e4dafcc7c42b4) Importer(815301076,1909f56bfc062723c751e8b465ee728b)
Start importing Assets/SimplePoly City - Low Poly Assets/Prefab/Roads/Road Intersection_02.prefab using Guid(e5a98a4c41704e24eb7e4dafcc7c42b4) Importer(815301076,1909f56bfc062723c751e8b465ee728b)  -> (artifact id: 'd41c65706c1d62d52a176a1c3ec6e8a0') in 0.014834 seconds 
========================================================================
Received Import Request.
  Time since last request: 0.000034 seconds.
  path: Assets/SimplePoly City - Low Poly Assets/Prefab/Roads/Road Intersection_01.prefab
  artifactKey: Guid(47ef019eb3bddab469e56e5a31eebf68) Importer(815301076,1909f56bfc062723c751e8b465ee728b)
Start importing Assets/SimplePoly City - Low Poly Assets/Prefab/Roads/Road Intersection_01.prefab using Guid(47ef019eb3bddab469e56e5a31eebf68) Importer(815301076,1909f56bfc062723c751e8b465ee728b)  -> (artifact id: '3b997621d9516a45c20ee63a6f81b318') in 0.018418 seconds 
========================================================================
Received Import Request.
  Time since last request: 0.000028 seconds.
  path: Assets/SimplePoly City - Low Poly Assets/Prefab/Roads/Road T_Intersection_01.prefab
  artifactKey: Guid(cbc86bb57f673ba45a8426789eb0fac0) Importer(815301076,1909f56bfc062723c751e8b465ee728b)
Start importing Assets/SimplePoly City - Low Poly Assets/Prefab/Roads/Road T_Intersection_01.prefab using Guid(cbc86bb57f673ba45a8426789eb0fac0) Importer(815301076,1909f56bfc062723c751e8b465ee728b)  -> (artifact id: '79f29d4078b863ad1a2c1cca8316d1d7') in 0.024517 seconds 
========================================================================
Received Import Request.
  Time since last request: 0.000025 seconds.
  path: Assets/SimplePoly City - Low Poly Assets/Prefab/Roads/Road Sidewalk.prefab
  artifactKey: Guid(3181f15579d1b0c46872c9980226268b) Importer(815301076,1909f56bfc062723c751e8b465ee728b)
Start importing Assets/SimplePoly City - Low Poly Assets/Prefab/Roads/Road Sidewalk.prefab using Guid(3181f15579d1b0c46872c9980226268b) Importer(815301076,1909f56bfc062723c751e8b465ee728b)  -> (artifact id: 'be5daee9a6349af79df311066a61900c') in 0.026749 seconds 
========================================================================
Received Import Request.
  Time since last request: 0.000024 seconds.
  path: Assets/SimplePoly City - Low Poly Assets/Prefab/Roads/Road Lane_02.prefab
  artifactKey: Guid(9bff4c4ffbc29a041a638ec3743c588d) Importer(815301076,1909f56bfc062723c751e8b465ee728b)
Start importing Assets/SimplePoly City - Low Poly Assets/Prefab/Roads/Road Lane_02.prefab using Guid(9bff4c4ffbc29a041a638ec3743c588d) Importer(815301076,1909f56bfc062723c751e8b465ee728b)  -> (artifact id: '04b9c014ce51c1339b322b5e5055211e') in 0.013854 seconds 
========================================================================
Received Import Request.
  Time since last request: 3.474675 seconds.
  path: Assets/SimplePoly City - Low Poly Assets/Prefab/Vehicles/Vehicle with Static Wheels/Vehicle_Bus_color01.prefab
  artifactKey: Guid(9500f0cdde0097a4aac35ced7c1935d7) Importer(815301076,1909f56bfc062723c751e8b465ee728b)
Start importing Assets/SimplePoly City - Low Poly Assets/Prefab/Vehicles/Vehicle with Static Wheels/Vehicle_Bus_color01.prefab using Guid(9500f0cdde0097a4aac35ced7c1935d7) Importer(815301076,1909f56bfc062723c751e8b465ee728b)  -> (artifact id: '12f19f744ba35a322c7367670a5f1e01') in 0.014674 seconds 
========================================================================
Received Import Request.
  Time since last request: 0.000018 seconds.
  path: Assets/SimplePoly City - Low Poly Assets/Prefab/Vehicles/Vehicle with Static Wheels/Vehicle_Pick up Truck_color02.prefab
  artifactKey: Guid(81c050d9e127fdd45af1f6b8da476b2b) Importer(815301076,1909f56bfc062723c751e8b465ee728b)
Start importing Assets/SimplePoly City - Low Poly Assets/Prefab/Vehicles/Vehicle with Static Wheels/Vehicle_Pick up Truck_color02.prefab using Guid(81c050d9e127fdd45af1f6b8da476b2b) Importer(815301076,1909f56bfc062723c751e8b465ee728b)  -> (artifact id: '0a6320ab103d34ee68145bfc77e2179f') in 0.015369 seconds 
========================================================================
Received Import Request.
  Time since last request: 0.000025 seconds.
  path: Assets/SimplePoly City - Low Poly Assets/Prefab/Vehicles/Vehicle with Static Wheels/Vehicle_Car_color01.prefab
  artifactKey: Guid(a119eb0fa059db34bbaef286c1af1696) Importer(815301076,1909f56bfc062723c751e8b465ee728b)
Start importing Assets/SimplePoly City - Low Poly Assets/Prefab/Vehicles/Vehicle with Static Wheels/Vehicle_Car_color01.prefab using Guid(a119eb0fa059db34bbaef286c1af1696) Importer(815301076,1909f56bfc062723c751e8b465ee728b)  -> (artifact id: 'd724b40cdfd31cebd12ce1cda51e6eb8') in 0.014692 seconds 
========================================================================
Received Import Request.
  Time since last request: 0.000035 seconds.
  path: Assets/SimplePoly City - Low Poly Assets/Prefab/Vehicles/Vehicle with Static Wheels/Vehicle_Truck_color02.prefab
  artifactKey: Guid(e218686c5655fad46a02ebfb004972ee) Importer(815301076,1909f56bfc062723c751e8b465ee728b)
Start importing Assets/SimplePoly City - Low Poly Assets/Prefab/Vehicles/Vehicle with Static Wheels/Vehicle_Truck_color02.prefab using Guid(e218686c5655fad46a02ebfb004972ee) Importer(815301076,1909f56bfc062723c751e8b465ee728b)  -> (artifact id: '00385b2e0bc8e38e7e62418cc992eb60') in 0.014785 seconds 
========================================================================
Received Import Request.
  Time since last request: 0.000025 seconds.
  path: Assets/SimplePoly City - Low Poly Assets/Prefab/Vehicles/Vehicle with Static Wheels/Vehicle_Pick up Truck_color01.prefab
  artifactKey: Guid(93d0d450ec8b42e46b724bf2bbee330b) Importer(815301076,1909f56bfc062723c751e8b465ee728b)
Start importing Assets/SimplePoly City - Low Poly Assets/Prefab/Vehicles/Vehicle with Static Wheels/Vehicle_Pick up Truck_color01.prefab using Guid(93d0d450ec8b42e46b724bf2bbee330b) Importer(815301076,1909f56bfc062723c751e8b465ee728b)  -> (artifact id: 'd73bbadb439e9f04e8c35d3d013b9bb7') in 0.015555 seconds 
========================================================================
Received Import Request.
  Time since last request: 0.000025 seconds.
  path: Assets/SimplePoly City - Low Poly Assets/Prefab/Vehicles/Vehicle with Static Wheels/Vehicle_Container_color02.prefab
  artifactKey: Guid(6fa2aa0a1d56aba4a8884471618de9e4) Importer(815301076,1909f56bfc062723c751e8b465ee728b)
Start importing Assets/SimplePoly City - Low Poly Assets/Prefab/Vehicles/Vehicle with Static Wheels/Vehicle_Container_color02.prefab using Guid(6fa2aa0a1d56aba4a8884471618de9e4) Importer(815301076,1909f56bfc062723c751e8b465ee728b)  -> (artifact id: 'ddfd260c6d2036e20f469cc8ae95d386') in 0.012986 seconds 
========================================================================
Received Import Request.
  Time since last request: 273.156480 seconds.
  path: Assets/SimplePoly City - Low Poly Assets/Prefab/Vehicles/Vehicle with Separated Wheels/Vehicle_Ambulance_separate.prefab
  artifactKey: Guid(b3f4ad6e44f81784ba0ebe95aadf2a7d) Importer(815301076,1909f56bfc062723c751e8b465ee728b)
Start importing Assets/SimplePoly City - Low Poly Assets/Prefab/Vehicles/Vehicle with Separated Wheels/Vehicle_Ambulance_separate.prefab using Guid(b3f4ad6e44f81784ba0ebe95aadf2a7d) Importer(815301076,1909f56bfc062723c751e8b465ee728b)  -> (artifact id: '74eb107cff26030b0b83ca215e64512c') in 0.013295 seconds 
========================================================================
Received Import Request.
  Time since last request: 0.009489 seconds.
  path: Assets/SimplePoly City - Low Poly Assets/Prefab/Vehicles/Vehicle with Separated Wheels/Vehicle_Bus_color02_separate.prefab
  artifactKey: Guid(3cfde9a41ff096140a1bfec6f262d0f0) Importer(815301076,1909f56bfc062723c751e8b465ee728b)
Start importing Assets/SimplePoly City - Low Poly Assets/Prefab/Vehicles/Vehicle with Separated Wheels/Vehicle_Bus_color02_separate.prefab using Guid(3cfde9a41ff096140a1bfec6f262d0f0) Importer(815301076,1909f56bfc062723c751e8b465ee728b)  -> (artifact id: '6c7d6cd5fc29c246f9778442f81ab5f4') in 0.015112 seconds 
========================================================================
Received Import Request.
  Time since last request: 0.007154 seconds.
  path: Assets/SimplePoly City - Low Poly Assets/Prefab/Vehicles/Vehicle with Separated Wheels/Vehicle_Car_color02_separate.prefab
  artifactKey: Guid(12dd350c4c7e7754b807b38a22b4d078) Importer(815301076,1909f56bfc062723c751e8b465ee728b)
Start importing Assets/SimplePoly City - Low Poly Assets/Prefab/Vehicles/Vehicle with Separated Wheels/Vehicle_Car_color02_separate.prefab using Guid(12dd350c4c7e7754b807b38a22b4d078) Importer(815301076,1909f56bfc062723c751e8b465ee728b)  -> (artifact id: '05162439bfea36ac36bbf77f364b61a9') in 0.018448 seconds 
========================================================================
Received Import Request.
  Time since last request: 0.000017 seconds.
  path: Assets/SimplePoly City - Low Poly Assets/Prefab/Vehicles/Vehicle with Separated Wheels/Vehicle_Pick up Truck_color01_separate.prefab
  artifactKey: Guid(fc2b2b65264c13f48a615fa7dbc2ef24) Importer(815301076,1909f56bfc062723c751e8b465ee728b)
Start importing Assets/SimplePoly City - Low Poly Assets/Prefab/Vehicles/Vehicle with Separated Wheels/Vehicle_Pick up Truck_color01_separate.prefab using Guid(fc2b2b65264c13f48a615fa7dbc2ef24) Importer(815301076,1909f56bfc062723c751e8b465ee728b)  -> (artifact id: 'ea25232678ad2d7b56abb62f291e7ec5') in 0.042909 seconds 
========================================================================
Received Import Request.
  Time since last request: 0.000027 seconds.
  path: Assets/SimplePoly City - Low Poly Assets/Prefab/Vehicles/Vehicle with Separated Wheels/Vehicle_Pick up Truck_color03_separate.prefab
  artifactKey: Guid(675baac8bae68964e948aabc6ff2857c) Importer(815301076,1909f56bfc062723c751e8b465ee728b)
Start importing Assets/SimplePoly City - Low Poly Assets/Prefab/Vehicles/Vehicle with Separated Wheels/Vehicle_Pick up Truck_color03_separate.prefab using Guid(675baac8bae68964e948aabc6ff2857c) Importer(815301076,1909f56bfc062723c751e8b465ee728b)  -> (artifact id: '4966ceca0a8bf031f64bbd5b057cf787') in 0.019660 seconds 
========================================================================
Received Import Request.
  Time since last request: 0.000023 seconds.
  path: Assets/SimplePoly City - Low Poly Assets/Prefab/Vehicles/Vehicle with Separated Wheels/Vehicle_Taxi_separate.prefab
  artifactKey: Guid(fba5e236738a7c940b3a8d031c307794) Importer(815301076,1909f56bfc062723c751e8b465ee728b)
Start importing Assets/SimplePoly City - Low Poly Assets/Prefab/Vehicles/Vehicle with Separated Wheels/Vehicle_Taxi_separate.prefab using Guid(fba5e236738a7c940b3a8d031c307794) Importer(815301076,1909f56bfc062723c751e8b465ee728b)  -> (artifact id: '10089f066a1645a2c4591faf70082b85') in 0.041440 seconds 
========================================================================
Received Import Request.
  Time since last request: 0.000018 seconds.
  path: Assets/SimplePoly City - Low Poly Assets/Prefab/Vehicles/Vehicle with Separated Wheels/Vehicle_Truck_color03_separate.prefab
  artifactKey: Guid(1508f459923b7df4889f466e17864ab4) Importer(815301076,1909f56bfc062723c751e8b465ee728b)
Start importing Assets/SimplePoly City - Low Poly Assets/Prefab/Vehicles/Vehicle with Separated Wheels/Vehicle_Truck_color03_separate.prefab using Guid(1508f459923b7df4889f466e17864ab4) Importer(815301076,1909f56bfc062723c751e8b465ee728b)  -> (artifact id: 'c2daadec1eece7d6c420afc06183d910') in 0.018007 seconds 
========================================================================
Received Import Request.
  Time since last request: 0.000030 seconds.
  path: Assets/SimplePoly City - Low Poly Assets/Prefab/Vehicles/Vehicle with Separated Wheels/Vehicle_Car_color03_separate.prefab
  artifactKey: Guid(11a57a102cdb5e642899ceab079f1938) Importer(815301076,1909f56bfc062723c751e8b465ee728b)
Start importing Assets/SimplePoly City - Low Poly Assets/Prefab/Vehicles/Vehicle with Separated Wheels/Vehicle_Car_color03_separate.prefab using Guid(11a57a102cdb5e642899ceab079f1938) Importer(815301076,1909f56bfc062723c751e8b465ee728b)  -> (artifact id: 'dc57b2340eec1ed426327aeb10374140') in 0.061554 seconds 
========================================================================
Received Import Request.
  Time since last request: 0.000017 seconds.
  path: Assets/SimplePoly City - Low Poly Assets/Prefab/Vehicles/Vehicle with Separated Wheels/Vehicle_Car_color01_separate.prefab
  artifactKey: Guid(d267fbb9e36c6e4458c9a8756d725a79) Importer(815301076,1909f56bfc062723c751e8b465ee728b)
Start importing Assets/SimplePoly City - Low Poly Assets/Prefab/Vehicles/Vehicle with Separated Wheels/Vehicle_Car_color01_separate.prefab using Guid(d267fbb9e36c6e4458c9a8756d725a79) Importer(815301076,1909f56bfc062723c751e8b465ee728b)  -> (artifact id: 'd9f61c07389cb15b320dbd09077a4f58') in 0.015184 seconds 
========================================================================
Received Import Request.
  Time since last request: 0.000026 seconds.
  path: Assets/SimplePoly City - Low Poly Assets/Prefab/Vehicles/Vehicle with Separated Wheels/Vehicle_SUV_color02_separate.prefab
  artifactKey: Guid(a7cd9ad30e9d4c146986aa1e6694b9e5) Importer(815301076,1909f56bfc062723c751e8b465ee728b)
Start importing Assets/SimplePoly City - Low Poly Assets/Prefab/Vehicles/Vehicle with Separated Wheels/Vehicle_SUV_color02_separate.prefab using Guid(a7cd9ad30e9d4c146986aa1e6694b9e5) Importer(815301076,1909f56bfc062723c751e8b465ee728b)  -> (artifact id: 'ebe76f4c16863363cf5a0a94b75b4576') in 0.014480 seconds 
Editor requested this worker to shutdown with reason: Scaling down because of idle timeout
AssetImportWorker is now disconnected from the server
Process exiting
Exiting without the bug reporter. Application will terminate with return code 0